c:\users\alexiuscrow\documents\visual studio 2013\projects\elevatorsystem\elevatorsystem\debug\vc120.pdb
c:\users\alexiuscrow\documents\visual studio 2013\projects\elevatorsystem\elevatorsystem\debug\elevatorsystem.pch
c:\users\alexiuscrow\documents\visual studio 2013\projects\elevatorsystem\elevatorsystem\debug\vc120.idb
c:\users\alexiuscrow\documents\visual studio 2013\projects\elevatorsystem\elevatorsystem\debug\stdafx.obj
c:\users\alexiuscrow\documents\visual studio 2013\projects\elevatorsystem\elevatorsystem\debug\building.obj
c:\users\alexiuscrow\documents\visual studio 2013\projects\elevatorsystem\elevatorsystem\debug\button.obj
c:\users\alexiuscrow\documents\visual studio 2013\projects\elevatorsystem\elevatorsystem\debug\callbtn.obj
c:\users\alexiuscrow\documents\visual studio 2013\projects\elevatorsystem\elevatorsystem\debug\choicefloorbtn.obj
c:\users\alexiuscrow\documents\visual studio 2013\projects\elevatorsystem\elevatorsystem\debug\door.obj
c:\users\alexiuscrow\documents\visual studio 2013\projects\elevatorsystem\elevatorsystem\debug\elevator.obj
c:\users\alexiuscrow\documents\visual studio 2013\projects\elevatorsystem\elevatorsystem\debug\elevatorsystem.obj
c:\users\alexiuscrow\documents\visual studio 2013\projects\elevatorsystem\elevatorsystem\debug\engine.obj
c:\users\alexiuscrow\documents\visual studio 2013\projects\elevatorsystem\elevatorsystem\debug\firstlastfloor.obj
c:\users\alexiuscrow\documents\visual studio 2013\projects\elevatorsystem\elevatorsystem\debug\floor.obj
c:\users\alexiuscrow\documents\visual studio 2013\projects\elevatorsystem\elevatorsystem\debug\interjacentfloor.obj
c:\users\alexiuscrow\documents\visual studio 2013\projects\elevatorsystem\elevatorsystem\debug\openclosebtn.obj
c:\users\alexiuscrow\documents\visual studio 2013\projects\elevatorsystem\elevatorsystem\debug\stopbtn.obj
c:\users\alexiuscrow\documents\visual studio 2013\projects\elevatorsystem\debug\elevatorsystem.ilk
c:\users\alexiuscrow\documents\visual studio 2013\projects\elevatorsystem\debug\elevatorsystem.exe
c:\users\alexiuscrow\documents\visual studio 2013\projects\elevatorsystem\debug\elevatorsystem.pdb
c:\users\alexiuscrow\documents\visual studio 2013\projects\elevatorsystem\elevatorsystem\debug\elevatorsystem.tlog\cl.command.1.tlog
c:\users\alexiuscrow\documents\visual studio 2013\projects\elevatorsystem\elevatorsystem\debug\elevatorsystem.tlog\cl.read.1.tlog
c:\users\alexiuscrow\documents\visual studio 2013\projects\elevatorsystem\elevatorsystem\debug\elevatorsystem.tlog\cl.write.1.tlog
c:\users\alexiuscrow\documents\visual studio 2013\projects\elevatorsystem\elevatorsystem\debug\elevatorsystem.tlog\link.command.1.tlog
c:\users\alexiuscrow\documents\visual studio 2013\projects\elevatorsystem\elevatorsystem\debug\elevatorsystem.tlog\link.read.1.tlog
c:\users\alexiuscrow\documents\visual studio 2013\projects\elevatorsystem\elevatorsystem\debug\elevatorsystem.tlog\link.write.1.tlog
