Сборка начата 24.02.2015 4:19:41.
     1>Проект "C:\Users\Alexiuscrow\Documents\Visual Studio 2013\Projects\ElevatorSystem\ElevatorSystem\ElevatorSystem.vcxproj" в узле 2 (целевые объекты Rebuild).
     1>ClCompile:
         C:\Program Files\Microsoft Visual Studio 12.0\VC\bin\CL.exe /c /ZI /nologo /W3 /WX- /sdl /Od /Oy- /D WIN32 /D _DEBUG /D _CONSOLE /D _LIB /D _UNICODE /D UNICODE /Gm /EHsc /RTC1 /MTd /GS /fp:precise /Zc:wchar_t /Zc:forScope /Yc"stdafx.h" /Fp"Debug\ElevatorSystem.pch" /Fo"Debug\\" /Fd"Debug\vc120.pdb" /Gd /TP /analyze- /errorReport:prompt stdafx.cpp
         stdafx.cpp
         C:\Program Files\Microsoft Visual Studio 12.0\VC\bin\CL.exe /c /ZI /nologo /W3 /WX- /sdl /Od /Oy- /D WIN32 /D _DEBUG /D _CONSOLE /D _LIB /D _UNICODE /D UNICODE /Gm /EHsc /RTC1 /MTd /GS /fp:precise /Zc:wchar_t /Zc:forScope /Yu"stdafx.h" /Fp"Debug\ElevatorSystem.pch" /Fo"Debug\\" /Fd"Debug\vc120.pdb" /Gd /TP /analyze- /errorReport:prompt building.cpp button.cpp callbtn.cpp choicefloorbtn.cpp door.cpp elevator.cpp elevatorsystem.cpp engine.cpp firstlastfloor.cpp floor.cpp interjacentfloor.cpp openclosebtn.cpp stopbtn.cpp
         stopbtn.cpp
         openclosebtn.cpp
         interjacentfloor.cpp
         floor.cpp
         firstlastfloor.cpp
         engine.cpp
         elevatorsystem.cpp
         elevator.cpp
         door.cpp
         choicefloorbtn.cpp
         callbtn.cpp
         button.cpp
         building.cpp
         Создание кода...
       Link:
         C:\Program Files\Microsoft Visual Studio 12.0\VC\bin\link.exe /ERRORREPORT:PROMPT /OUT:"C:\Users\Alexiuscrow\Documents\Visual Studio 2013\Projects\ElevatorSystem\Debug\ElevatorSystem.exe" /INCREMENTAL /NOLOGO /MANIFEST /MANIFESTUAC:"level='asInvoker' uiAccess='false'" /manifest:embed /manifestinput:"C:\Program Files\Microsoft Visual Studio 12.0\VC\Include\Manifest\dpiaware.manifest" /DEBUG /PDB:"C:\Users\Alexiuscrow\Documents\Visual Studio 2013\Projects\ElevatorSystem\Debug\ElevatorSystem.pdb" /SUBSYSTEM:CONSOLE /TLBID:1 /DYNAMICBASE /NXCOMPAT /IMPLIB:"C:\Users\Alexiuscrow\Documents\Visual Studio 2013\Projects\ElevatorSystem\Debug\ElevatorSystem.lib" /MACHINE:X86 Debug\building.obj
         Debug\button.obj
         Debug\callbtn.obj
         Debug\choicefloorbtn.obj
         Debug\door.obj
         Debug\elevator.obj
         Debug\elevatorsystem.obj
         Debug\engine.obj
         Debug\firstlastfloor.obj
         Debug\floor.obj
         Debug\interjacentfloor.obj
         Debug\openclosebtn.obj
         Debug\stdafx.obj
         Debug\stopbtn.obj
         ElevatorSystem.vcxproj -> C:\Users\Alexiuscrow\Documents\Visual Studio 2013\Projects\ElevatorSystem\Debug\ElevatorSystem.exe
     1>Сборка проекта "C:\Users\Alexiuscrow\Documents\Visual Studio 2013\Projects\ElevatorSystem\ElevatorSystem\ElevatorSystem.vcxproj" завершена (целевые объекты Rebuild).

Сборка успешно завершена.

Затраченное время: 00:00:37.00
